

Microchip MPLAB XC8 Assembler V2.31 build 20201012212115 
                                                                                               Wed Feb 03 14:22:01 2021

Microchip MPLAB XC8 C Compiler v2.31 (Free license) build 20201012212115 Og1 
     1                           	processor	16F887
     2                           	pagewidth 120
     3                           	opt	flic
     4                           	psect	idataBANK0,global,class=CODE,delta=2,noexec
     5                           	psect	cinit,global,class=CODE,merge=1,delta=2
     6                           	psect	bssCOMMON,global,class=COMMON,space=1,delta=1,noexec
     7                           	psect	dataBANK0,global,class=BANK0,space=1,delta=1,noexec
     8                           	psect	inittext,global,class=CODE,delta=2
     9                           	psect	cstackCOMMON,global,class=COMMON,space=1,delta=1,noexec
    10                           	psect	maintext,global,class=CODE,split=1,delta=2
    11                           	psect	text1,local,class=CODE,merge=1,delta=2
    12                           	psect	text2,local,class=CODE,merge=1,delta=2
    13                           	psect	text3,local,class=CODE,merge=1,delta=2
    14                           	psect	intentry,global,class=CODE,delta=2
    15                           	psect	config,global,abs,ovrld,class=CONFIG,space=4,delta=2,noexec
    16                           	dabs	1,0x7E,2
    17  0000                     
    18                           ; Version 2.20
    19                           ; Generated 12/02/2020 GMT
    20                           ; 
    21                           ; Copyright © 2020, Microchip Technology Inc. and its subsidiaries ("Microchip")
    22                           ; All rights reserved.
    23                           ; 
    24                           ; This software is developed by Microchip Technology Inc. and its subsidiaries ("Microch
      +                          ip").
    25                           ; 
    26                           ; Redistribution and use in source and binary forms, with or without modification, are
    27                           ; permitted provided that the following conditions are met:
    28                           ; 
    29                           ;     1. Redistributions of source code must retain the above copyright notice, this lis
      +                          t of
    30                           ;        conditions and the following disclaimer.
    31                           ; 
    32                           ;     2. Redistributions in binary form must reproduce the above copyright notice, this 
      +                          list
    33                           ;        of conditions and the following disclaimer in the documentation and/or other
    34                           ;        materials provided with the distribution.
    35                           ; 
    36                           ;     3. Microchip's name may not be used to endorse or promote products derived from th
      +                          is
    37                           ;        software without specific prior written permission.
    38                           ; 
    39                           ; THIS SOFTWARE IS PROVIDED BY MICROCHIP "AS IS" AND ANY EXPRESS OR IMPLIED WARRANTIES,
    40                           ; INCLUDING, BUT NOT LIMITED TO, THE IMPLIED WARRANTIES OF MERCHANTABILITY AND FITNESS F
      +                          OR
    41                           ; PURPOSE ARE DISCLAIMED.  IN NO EVENT SHALL MICROCHIP BE LIABLE FOR ANY DIRECT, INDIREC
      +                          T,
    42                           ; INCIDENTAL, SPECIAL, EXEMPLARY, OR CONSEQUENTIAL DAMAGES (INCLUDING BUT NOT LIMITED TO
    43                           ; PROCUREMENT OF SUBSTITUTE GOODS OR SERVICES; LOSS OF USE, DATA OR PROFITS; OR BUSINESS
    44                           ; INTERRUPTION) HOWSOEVER CAUSED AND ON ANY THEORY OF LIABILITY, WHETHER IN CONTRACT, ST
      +                          RICT
    45                           ; LIABILITY, OR TORT (INCLUDING NEGLIGENCE OR OTHERWISE) ARISING IN ANY WAY OUT OF THE U
      +                          SE OF
    46                           ; THIS SOFTWARE, EVEN IF ADVISED OF THE POSSIBILITY OF SUCH DAMAGE.
    47                           ; 
    48                           ; 
    49                           ; Code-generator required, PIC16F887 Definitions
    50                           ; 
    51                           ; SFR Addresses
    52  0000                     	;# 
    53  0001                     	;# 
    54  0002                     	;# 
    55  0003                     	;# 
    56  0004                     	;# 
    57  0005                     	;# 
    58  0006                     	;# 
    59  0007                     	;# 
    60  0008                     	;# 
    61  0009                     	;# 
    62  000A                     	;# 
    63  000B                     	;# 
    64  000C                     	;# 
    65  000D                     	;# 
    66  000E                     	;# 
    67  000E                     	;# 
    68  000F                     	;# 
    69  0010                     	;# 
    70  0011                     	;# 
    71  0012                     	;# 
    72  0013                     	;# 
    73  0014                     	;# 
    74  0015                     	;# 
    75  0015                     	;# 
    76  0016                     	;# 
    77  0017                     	;# 
    78  0018                     	;# 
    79  0019                     	;# 
    80  001A                     	;# 
    81  001B                     	;# 
    82  001B                     	;# 
    83  001C                     	;# 
    84  001D                     	;# 
    85  001E                     	;# 
    86  001F                     	;# 
    87  0081                     	;# 
    88  0085                     	;# 
    89  0086                     	;# 
    90  0087                     	;# 
    91  0088                     	;# 
    92  0089                     	;# 
    93  008C                     	;# 
    94  008D                     	;# 
    95  008E                     	;# 
    96  008F                     	;# 
    97  0090                     	;# 
    98  0091                     	;# 
    99  0092                     	;# 
   100  0093                     	;# 
   101  0093                     	;# 
   102  0093                     	;# 
   103  0094                     	;# 
   104  0095                     	;# 
   105  0096                     	;# 
   106  0097                     	;# 
   107  0098                     	;# 
   108  0099                     	;# 
   109  009A                     	;# 
   110  009B                     	;# 
   111  009C                     	;# 
   112  009D                     	;# 
   113  009E                     	;# 
   114  009F                     	;# 
   115  0105                     	;# 
   116  0107                     	;# 
   117  0108                     	;# 
   118  0109                     	;# 
   119  010C                     	;# 
   120  010C                     	;# 
   121  010D                     	;# 
   122  010E                     	;# 
   123  010F                     	;# 
   124  0185                     	;# 
   125  0187                     	;# 
   126  0188                     	;# 
   127  0189                     	;# 
   128  018C                     	;# 
   129  018D                     	;# 
   130  0000                     	;# 
   131  0001                     	;# 
   132  0002                     	;# 
   133  0003                     	;# 
   134  0004                     	;# 
   135  0005                     	;# 
   136  0006                     	;# 
   137  0007                     	;# 
   138  0008                     	;# 
   139  0009                     	;# 
   140  000A                     	;# 
   141  000B                     	;# 
   142  000C                     	;# 
   143  000D                     	;# 
   144  000E                     	;# 
   145  000E                     	;# 
   146  000F                     	;# 
   147  0010                     	;# 
   148  0011                     	;# 
   149  0012                     	;# 
   150  0013                     	;# 
   151  0014                     	;# 
   152  0015                     	;# 
   153  0015                     	;# 
   154  0016                     	;# 
   155  0017                     	;# 
   156  0018                     	;# 
   157  0019                     	;# 
   158  001A                     	;# 
   159  001B                     	;# 
   160  001B                     	;# 
   161  001C                     	;# 
   162  001D                     	;# 
   163  001E                     	;# 
   164  001F                     	;# 
   165  0081                     	;# 
   166  0085                     	;# 
   167  0086                     	;# 
   168  0087                     	;# 
   169  0088                     	;# 
   170  0089                     	;# 
   171  008C                     	;# 
   172  008D                     	;# 
   173  008E                     	;# 
   174  008F                     	;# 
   175  0090                     	;# 
   176  0091                     	;# 
   177  0092                     	;# 
   178  0093                     	;# 
   179  0093                     	;# 
   180  0093                     	;# 
   181  0094                     	;# 
   182  0095                     	;# 
   183  0096                     	;# 
   184  0097                     	;# 
   185  0098                     	;# 
   186  0099                     	;# 
   187  009A                     	;# 
   188  009B                     	;# 
   189  009C                     	;# 
   190  009D                     	;# 
   191  009E                     	;# 
   192  009F                     	;# 
   193  0105                     	;# 
   194  0107                     	;# 
   195  0108                     	;# 
   196  0109                     	;# 
   197  010C                     	;# 
   198  010C                     	;# 
   199  010D                     	;# 
   200  010E                     	;# 
   201  010F                     	;# 
   202  0185                     	;# 
   203  0187                     	;# 
   204  0188                     	;# 
   205  0189                     	;# 
   206  018C                     	;# 
   207  018D                     	;# 
   208                           
   209                           	psect	idataBANK0
   210  01A4                     __pidataBANK0:
   211                           
   212                           ;initializer for _Display
   213  01A4  343F               	retlw	63
   214  01A5  3406               	retlw	6
   215  01A6  345B               	retlw	91
   216  01A7  344F               	retlw	79
   217  01A8  3466               	retlw	102
   218  01A9  346D               	retlw	109
   219  01AA  347D               	retlw	125
   220  01AB  3407               	retlw	7
   221  01AC  347F               	retlw	127
   222  01AD  346F               	retlw	111
   223  01AE  3477               	retlw	119
   224  01AF  347C               	retlw	124
   225  01B0  3439               	retlw	57
   226  01B1  345E               	retlw	94
   227  01B2  3479               	retlw	121
   228  01B3  3471               	retlw	113
   229  0008                     _PORTDbits	set	8
   230  0009                     _PORTE	set	9
   231  0007                     _PORTC	set	7
   232  0008                     _PORTD	set	8
   233  0005                     _PORTA	set	5
   234  0009                     _PORTEbits	set	9
   235  0006                     _PORTBbits	set	6
   236  000B                     _INTCONbits	set	11
   237  0089                     _TRISE	set	137
   238  0088                     _TRISD	set	136
   239  0087                     _TRISC	set	135
   240  0086                     _TRISB	set	134
   241  0085                     _TRISA	set	133
   242  0189                     _ANSELH	set	393
   243  0188                     _ANSEL	set	392
   244                           
   245                           	psect	cinit
   246  000F                     start_initialization:	
   247                           ; #config settings
   248                           
   249  000F                     __initialization:
   250                           
   251                           ; Initialize objects allocated to BANK0
   252  000F  1383               	bcf	3,7	;select IRP bank0
   253  0010  3030               	movlw	low (__pdataBANK0+16)
   254  0011  00FD               	movwf	btemp+-1
   255  0012  3001               	movlw	high __pidataBANK0
   256  0013  00FE               	movwf	btemp
   257  0014  30A4               	movlw	low __pidataBANK0
   258  0015  00FF               	movwf	btemp+1
   259  0016  3020               	movlw	low __pdataBANK0
   260  0017  0084               	movwf	4
   261  0018  120A  118A  2195  120A  118A  	fcall	init_ram0
   262                           
   263                           ; Clear objects allocated to COMMON
   264  001D  01F0               	clrf	__pbssCOMMON& (0+127)
   265  001E  01F1               	clrf	(__pbssCOMMON+1)& (0+127)
   266  001F  01F2               	clrf	(__pbssCOMMON+2)& (0+127)
   267  0020  01F3               	clrf	(__pbssCOMMON+3)& (0+127)
   268  0021  01F4               	clrf	(__pbssCOMMON+4)& (0+127)
   269  0022  01F5               	clrf	(__pbssCOMMON+5)& (0+127)
   270  0023                     end_of_initialization:	
   271                           ;End of C runtime variable initialization code
   272                           
   273  0023                     __end_of__initialization:
   274  0023  0183               	clrf	3
   275  0024  120A  118A  28FE   	ljmp	_main	;jump to C main() function
   276                           
   277                           	psect	bssCOMMON
   278  0070                     __pbssCOMMON:
   279  0070                     _estado:
   280  0070                     	ds	2
   281  0072                     _multi:
   282  0072                     	ds	2
   283  0074                     _cont:
   284  0074                     	ds	2
   285                           
   286                           	psect	dataBANK0
   287  0020                     __pdataBANK0:
   288  0020                     _Display:
   289  0020                     	ds	16
   290                           
   291                           	psect	inittext
   292  0191                     init_fetch0:	
   293                           ;	Called with low address in FSR and high address in W
   294                           
   295  0191  087E               	movf	btemp,w
   296  0192  008A               	movwf	10
   297  0193  087F               	movf	btemp+1,w
   298  0194  0082               	movwf	2
   299  0195                     init_ram0:	
   300                           ;Called with:
   301                           ;	high address of idata address in btemp 
   302                           ;	low address of idata address in btemp+1 
   303                           ;	low address of data in FSR
   304                           ;	high address + 1 of data in btemp-1
   305                           
   306  0195  120A  118A  2191  120A  118A  	fcall	init_fetch0
   307  019A  0080               	movwf	0
   308  019B  0A84               	incf	4,f
   309  019C  0804               	movf	4,w
   310  019D  067D               	xorwf	btemp+-1,w
   311  019E  1903               	btfsc	3,2
   312  019F  3400               	retlw	0
   313  01A0  0AFF               	incf	btemp+1,f
   314  01A1  1903               	btfsc	3,2
   315  01A2  0AFE               	incf	btemp,f
   316  01A3  2995               	goto	init_ram0
   317                           
   318                           	psect	cstackCOMMON
   319  0076                     __pcstackCOMMON:
   320  0076                     ?_config:
   321  0076                     ?_contled:	
   322                           ; 1 bytes @ 0x0
   323                           
   324  0076                     ?_ISR:	
   325                           ; 1 bytes @ 0x0
   326                           
   327  0076                     ??_ISR:	
   328                           ; 1 bytes @ 0x0
   329                           
   330  0076                     ?_main:	
   331                           ; 1 bytes @ 0x0
   332                           
   333                           
   334                           ; 1 bytes @ 0x0
   335  0076                     	ds	2
   336  0078                     ??_config:
   337  0078                     ??_contled:	
   338                           ; 1 bytes @ 0x2
   339                           
   340                           
   341                           ; 1 bytes @ 0x2
   342  0078                     	ds	2
   343  007A                     ??_main:
   344                           
   345                           ; 1 bytes @ 0x4
   346  007A                     	ds	2
   347                           
   348                           	psect	maintext
   349  00FE                     __pmaintext:	
   350 ;;
   351 ;;Main: autosize = 0, tempsize = 2, incstack = 0, save=0
   352 ;;
   353 ;; *************** function _main *****************
   354 ;; Defined at:
   355 ;;		line 54 in file "newmain.c"
   356 ;; Parameters:    Size  Location     Type
   357 ;;		None
   358 ;; Auto vars:     Size  Location     Type
   359 ;;		None
   360 ;; Return value:  Size  Location     Type
   361 ;;                  1    wreg      void 
   362 ;; Registers used:
   363 ;;		wreg, fsr0l, fsr0h, status,2, status,0, btemp+1, pclath, cstack
   364 ;; Tracked objects:
   365 ;;		On entry : B00/0
   366 ;;		On exit  : 0/0
   367 ;;		Unchanged: 0/0
   368 ;; Data sizes:     COMMON   BANK0   BANK1   BANK3   BANK2
   369 ;;      Params:         0       0       0       0       0
   370 ;;      Locals:         0       0       0       0       0
   371 ;;      Temps:          2       0       0       0       0
   372 ;;      Totals:         2       0       0       0       0
   373 ;;Total ram usage:        2 bytes
   374 ;; Hardware stack levels required when called:    2
   375 ;; This function calls:
   376 ;;		_config
   377 ;;		_contled
   378 ;; This function is called by:
   379 ;;		Startup code after reset
   380 ;; This function uses a non-reentrant model
   381 ;;
   382                           
   383                           
   384                           ;psect for function _main
   385  00FE                     _main:
   386  00FE                     l735:	
   387                           ;incstack = 0
   388                           ; Regs used in _main: [wreg-fsr0h+status,2+status,0+btemp+1+pclath+cstack]
   389                           
   390                           
   391                           ;newmain.c: 56:     config();
   392  00FE  120A  118A  2178  120A  118A  	fcall	_config
   393                           
   394                           ;newmain.c: 58:     while(cont < 16){
   395  0103  294C               	goto	l757
   396  0104                     l737:
   397                           
   398                           ;newmain.c: 59:      _delay((unsigned long)((25)*(8000000/4000.0)));
   399  0104  3041               	movlw	65
   400  0105  00FB               	movwf	??_main+1
   401  0106  30EE               	movlw	238
   402  0107  00FA               	movwf	??_main
   403  0108                     u117:
   404  0108  0BFA               	decfsz	??_main,f
   405  0109  2908               	goto	u117
   406  010A  0BFB               	decfsz	??_main+1,f
   407  010B  2908               	goto	u117
   408  010C  0000               	nop
   409  010D                     l739:
   410                           
   411                           ;newmain.c: 60:      contled();
   412  010D  120A  118A  2027  120A  118A  	fcall	_contled
   413  0112                     l741:
   414                           
   415                           ;newmain.c: 62:      if (PORTBbits.RB1 == 0){
   416  0112  1283               	bcf	3,5	;RP0=0, select bank0
   417  0113  1303               	bcf	3,6	;RP1=0, select bank0
   418  0114  1886               	btfsc	6,1	;volatile
   419  0115  2917               	goto	u61
   420  0116  2918               	goto	u60
   421  0117                     u61:
   422  0117  291C               	goto	l745
   423  0118                     u60:
   424  0118                     l743:
   425                           
   426                           ;newmain.c: 63:          estado = 1;
   427  0118  3001               	movlw	1
   428  0119  00F0               	movwf	_estado
   429  011A  3000               	movlw	0
   430  011B  00F1               	movwf	_estado+1
   431  011C                     l745:
   432                           
   433                           ;newmain.c: 65:      if (PORTBbits.RB1 == 1 && estado == 1){
   434  011C  1C86               	btfss	6,1	;volatile
   435  011D  291F               	goto	u71
   436  011E  2920               	goto	u70
   437  011F                     u71:
   438  011F  2938               	goto	l753
   439  0120                     u70:
   440  0120                     l747:
   441  0120  0370               	decf	_estado,w
   442  0121  0471               	iorwf	_estado+1,w
   443  0122  1D03               	btfss	3,2
   444  0123  2925               	goto	u81
   445  0124  2926               	goto	u80
   446  0125                     u81:
   447  0125  2938               	goto	l753
   448  0126                     u80:
   449  0126                     l749:
   450                           
   451                           ;newmain.c: 66:          cont = cont-1;
   452  0126  0874               	movf	_cont,w
   453  0127  3EFF               	addlw	255
   454  0128  00F4               	movwf	_cont
   455  0129  0875               	movf	_cont+1,w
   456  012A  1803               	skipnc
   457  012B  3E01               	addlw	1
   458  012C  3EFF               	addlw	255
   459  012D  00F5               	movwf	_cont+1
   460                           
   461                           ;newmain.c: 67:          multi = multi-1;
   462  012E  0872               	movf	_multi,w
   463  012F  3EFF               	addlw	255
   464  0130  00F2               	movwf	_multi
   465  0131  0873               	movf	_multi+1,w
   466  0132  1803               	skipnc
   467  0133  3E01               	addlw	1
   468  0134  3EFF               	addlw	255
   469  0135  00F3               	movwf	_multi+1
   470  0136                     l751:
   471                           
   472                           ;newmain.c: 68:          estado = 0;
   473  0136  01F0               	clrf	_estado
   474  0137  01F1               	clrf	_estado+1
   475  0138                     l753:
   476                           
   477                           ;newmain.c: 71:      if (cont > 8){
   478  0138  0875               	movf	_cont+1,w
   479  0139  3A80               	xorlw	128
   480  013A  00FF               	movwf	btemp+1
   481  013B  3080               	movlw	128
   482  013C  027F               	subwf	btemp+1,w
   483  013D  1D03               	skipz
   484  013E  2941               	goto	u95
   485  013F  3009               	movlw	9
   486  0140  0274               	subwf	_cont,w
   487  0141                     u95:
   488  0141  1C03               	skipc
   489  0142  2944               	goto	u91
   490  0143  2945               	goto	u90
   491  0144                     u91:
   492  0144  2949               	goto	l59
   493  0145                     u90:
   494  0145                     l755:
   495                           
   496                           ;newmain.c: 72:          PORTEbits.RE2 = 1;
   497  0145  1283               	bcf	3,5	;RP0=0, select bank0
   498  0146  1303               	bcf	3,6	;RP1=0, select bank0
   499  0147  1509               	bsf	9,2	;volatile
   500                           
   501                           ;newmain.c: 73:         }
   502  0148  294C               	goto	l757
   503  0149                     l59:	
   504                           ;newmain.c: 74:      else {
   505                           
   506                           
   507                           ;newmain.c: 75:          PORTEbits.RE2 = 0;
   508  0149  1283               	bcf	3,5	;RP0=0, select bank0
   509  014A  1303               	bcf	3,6	;RP1=0, select bank0
   510  014B  1109               	bcf	9,2	;volatile
   511  014C                     l757:
   512                           
   513                           ;newmain.c: 58:     while(cont < 16){
   514  014C  0875               	movf	_cont+1,w
   515  014D  3A80               	xorlw	128
   516  014E  00FF               	movwf	btemp+1
   517  014F  3080               	movlw	128
   518  0150  027F               	subwf	btemp+1,w
   519  0151  1D03               	skipz
   520  0152  2955               	goto	u105
   521  0153  3010               	movlw	16
   522  0154  0274               	subwf	_cont,w
   523  0155                     u105:
   524  0155  1C03               	skipc
   525  0156  2958               	goto	u101
   526  0157  2959               	goto	u100
   527  0158                     u101:
   528  0158  2904               	goto	l737
   529  0159                     u100:
   530  0159                     l62:
   531  0159  120A  118A  280C   	ljmp	start
   532  015C                     __end_of_main:
   533                           
   534                           	psect	text1
   535  0027                     __ptext1:	
   536 ;; *************** function _contled *****************
   537 ;; Defined at:
   538 ;;		line 108 in file "newmain.c"
   539 ;; Parameters:    Size  Location     Type
   540 ;;		None
   541 ;; Auto vars:     Size  Location     Type
   542 ;;		None
   543 ;; Return value:  Size  Location     Type
   544 ;;                  1    wreg      void 
   545 ;; Registers used:
   546 ;;		wreg, fsr0l, fsr0h, status,2, status,0, btemp+1
   547 ;; Tracked objects:
   548 ;;		On entry : 0/0
   549 ;;		On exit  : 0/0
   550 ;;		Unchanged: 0/0
   551 ;; Data sizes:     COMMON   BANK0   BANK1   BANK3   BANK2
   552 ;;      Params:         0       0       0       0       0
   553 ;;      Locals:         0       0       0       0       0
   554 ;;      Temps:          2       0       0       0       0
   555 ;;      Totals:         2       0       0       0       0
   556 ;;Total ram usage:        2 bytes
   557 ;; Hardware stack levels used:    1
   558 ;; Hardware stack levels required when called:    1
   559 ;; This function calls:
   560 ;;		Nothing
   561 ;; This function is called by:
   562 ;;		_main
   563 ;; This function uses a non-reentrant model
   564 ;;
   565                           
   566                           
   567                           ;psect for function _contled
   568  0027                     _contled:
   569  0027                     l691:	
   570                           ;incstack = 0
   571                           ; Regs used in _contled: [wreg-fsr0h+status,2+status,0+btemp+1]
   572                           
   573                           
   574                           ;newmain.c: 110:      if (10 > cont){
   575  0027  0875               	movf	_cont+1,w
   576  0028  3A80               	xorlw	128
   577  0029  00FF               	movwf	btemp+1
   578  002A  3080               	movlw	128
   579  002B  027F               	subwf	btemp+1,w
   580  002C  1D03               	skipz
   581  002D  2830               	goto	u15
   582  002E  300A               	movlw	10
   583  002F  0274               	subwf	_cont,w
   584  0030                     u15:
   585  0030  1803               	skipnc
   586  0031  2833               	goto	u11
   587  0032  2834               	goto	u10
   588  0033                     u11:
   589  0033  2847               	goto	l701
   590  0034                     u10:
   591  0034                     l693:
   592                           
   593                           ;newmain.c: 111:      _delay((unsigned long)((10)*(8000000/4000.0)));
   594  0034  301A               	movlw	26
   595  0035  00F9               	movwf	??_contled+1
   596  0036  30F8               	movlw	248
   597  0037  00F8               	movwf	??_contled
   598  0038                     u127:
   599  0038  0BF8               	decfsz	??_contled,f
   600  0039  2838               	goto	u127
   601  003A  0BF9               	decfsz	??_contled+1,f
   602  003B  2838               	goto	u127
   603  003C  0000               	nop
   604  003D                     l695:
   605                           
   606                           ;newmain.c: 112:      PORTC = Display[cont];
   607  003D  0874               	movf	_cont,w
   608  003E  3E20               	addlw	(low (_Display| 0))& (0+255)
   609  003F  0084               	movwf	4
   610  0040  1383               	bcf	3,7	;select IRP bank0
   611  0041  0800               	movf	0,w
   612  0042  1283               	bcf	3,5	;RP0=0, select bank0
   613  0043  1303               	bcf	3,6	;RP1=0, select bank0
   614  0044  0087               	movwf	7	;volatile
   615  0045                     l697:
   616                           
   617                           ;newmain.c: 113:      PORTEbits.RE0 = 1;
   618  0045  1409               	bsf	9,0	;volatile
   619  0046                     l699:
   620                           
   621                           ;newmain.c: 114:      PORTEbits.RE1 = 0;
   622  0046  1089               	bcf	9,1	;volatile
   623  0047                     l701:
   624                           
   625                           ;newmain.c: 117:      if (cont >= 10){
   626  0047  0875               	movf	_cont+1,w
   627  0048  3A80               	xorlw	128
   628  0049  00FF               	movwf	btemp+1
   629  004A  3080               	movlw	128
   630  004B  027F               	subwf	btemp+1,w
   631  004C  1D03               	skipz
   632  004D  2850               	goto	u25
   633  004E  300A               	movlw	10
   634  004F  0274               	subwf	_cont,w
   635  0050                     u25:
   636  0050  1C03               	skipc
   637  0051  2853               	goto	u21
   638  0052  2854               	goto	u20
   639  0053                     u21:
   640  0053  2867               	goto	l711
   641  0054                     u20:
   642  0054                     l703:
   643                           
   644                           ;newmain.c: 118:      _delay((unsigned long)((10)*(8000000/4000.0)));
   645  0054  301A               	movlw	26
   646  0055  00F9               	movwf	??_contled+1
   647  0056  30F8               	movlw	248
   648  0057  00F8               	movwf	??_contled
   649  0058                     u137:
   650  0058  0BF8               	decfsz	??_contled,f
   651  0059  2858               	goto	u137
   652  005A  0BF9               	decfsz	??_contled+1,f
   653  005B  2858               	goto	u137
   654  005C  0000               	nop
   655  005D                     l705:
   656                           
   657                           ;newmain.c: 119:      PORTC = Display[cont];
   658  005D  0874               	movf	_cont,w
   659  005E  3E20               	addlw	(low (_Display| 0))& (0+255)
   660  005F  0084               	movwf	4
   661  0060  1383               	bcf	3,7	;select IRP bank0
   662  0061  0800               	movf	0,w
   663  0062  1283               	bcf	3,5	;RP0=0, select bank0
   664  0063  1303               	bcf	3,6	;RP1=0, select bank0
   665  0064  0087               	movwf	7	;volatile
   666  0065                     l707:
   667                           
   668                           ;newmain.c: 120:      PORTEbits.RE0 = 0;
   669  0065  1009               	bcf	9,0	;volatile
   670  0066                     l709:
   671                           
   672                           ;newmain.c: 121:      PORTEbits.RE1 = 1;
   673  0066  1489               	bsf	9,1	;volatile
   674  0067                     l711:
   675                           
   676                           ;newmain.c: 125:      if(cont > 16 ){
   677  0067  0875               	movf	_cont+1,w
   678  0068  3A80               	xorlw	128
   679  0069  00FF               	movwf	btemp+1
   680  006A  3080               	movlw	128
   681  006B  027F               	subwf	btemp+1,w
   682  006C  1D03               	skipz
   683  006D  2870               	goto	u35
   684  006E  3011               	movlw	17
   685  006F  0274               	subwf	_cont,w
   686  0070                     u35:
   687  0070  1C03               	skipc
   688  0071  2873               	goto	u31
   689  0072  2874               	goto	u30
   690  0073                     u31:
   691  0073  2879               	goto	l717
   692  0074                     u30:
   693  0074                     l713:
   694                           
   695                           ;newmain.c: 126:          cont = 0;
   696  0074  01F4               	clrf	_cont
   697  0075  01F5               	clrf	_cont+1
   698  0076                     l715:
   699                           
   700                           ;newmain.c: 127:          PORTDbits.RD7 = 0;
   701  0076  1283               	bcf	3,5	;RP0=0, select bank0
   702  0077  1303               	bcf	3,6	;RP1=0, select bank0
   703  0078  1388               	bcf	8,7	;volatile
   704  0079                     l717:
   705                           
   706                           ;newmain.c: 129:      if(cont<0){
   707  0079  1FF5               	btfss	_cont+1,7
   708  007A  287C               	goto	u41
   709  007B  287D               	goto	u40
   710  007C                     u41:
   711  007C  28DE               	goto	l723
   712  007D                     u40:
   713  007D                     l719:
   714                           
   715                           ;newmain.c: 130:          cont = 0;
   716  007D  01F4               	clrf	_cont
   717  007E  01F5               	clrf	_cont+1
   718  007F  28DE               	goto	l723
   719  0080                     l73:	
   720                           ;newmain.c: 134:          case 1:
   721                           
   722                           
   723                           ;newmain.c: 135:              PORTDbits.RD0 = 1;
   724  0080  1283               	bcf	3,5	;RP0=0, select bank0
   725  0081  1303               	bcf	3,6	;RP1=0, select bank0
   726  0082  1408               	bsf	8,0	;volatile
   727                           
   728                           ;newmain.c: 136:              break;
   729  0083  28FD               	goto	l83
   730  0084                     l75:	
   731                           ;newmain.c: 146:          case 2:
   732                           
   733                           
   734                           ;newmain.c: 147:              PORTDbits.RD0 = 1;
   735  0084  1283               	bcf	3,5	;RP0=0, select bank0
   736  0085  1303               	bcf	3,6	;RP1=0, select bank0
   737  0086  1408               	bsf	8,0	;volatile
   738                           
   739                           ;newmain.c: 148:              PORTDbits.RD1 = 1;
   740  0087  1488               	bsf	8,1	;volatile
   741                           
   742                           ;newmain.c: 149:              PORTDbits.RD2 = 0;
   743  0088  1108               	bcf	8,2	;volatile
   744                           
   745                           ;newmain.c: 150:              PORTDbits.RD3 = 0;
   746  0089  1188               	bcf	8,3	;volatile
   747                           
   748                           ;newmain.c: 151:              PORTDbits.RD4 = 0;
   749  008A  1208               	bcf	8,4	;volatile
   750                           
   751                           ;newmain.c: 152:              PORTDbits.RD5 = 0;
   752  008B  1288               	bcf	8,5	;volatile
   753                           
   754                           ;newmain.c: 153:              PORTDbits.RD6 = 0;
   755  008C  1308               	bcf	8,6	;volatile
   756                           
   757                           ;newmain.c: 154:              PORTDbits.RD7 = 0;
   758  008D  1388               	bcf	8,7	;volatile
   759                           
   760                           ;newmain.c: 155:              break;
   761  008E  28FD               	goto	l83
   762  008F                     l76:	
   763                           ;newmain.c: 157:          case 3:
   764                           
   765                           
   766                           ;newmain.c: 158:              PORTDbits.RD2 = 1;
   767  008F  1283               	bcf	3,5	;RP0=0, select bank0
   768  0090  1303               	bcf	3,6	;RP1=0, select bank0
   769  0091  1508               	bsf	8,2	;volatile
   770                           
   771                           ;newmain.c: 159:              PORTDbits.RD0 = 1;
   772  0092  1408               	bsf	8,0	;volatile
   773                           
   774                           ;newmain.c: 160:              PORTDbits.RD1 = 1;
   775  0093  1488               	bsf	8,1	;volatile
   776                           
   777                           ;newmain.c: 161:              PORTDbits.RD2 = 1;
   778  0094  1508               	bsf	8,2	;volatile
   779                           
   780                           ;newmain.c: 162:              PORTDbits.RD3 = 0;
   781  0095  1188               	bcf	8,3	;volatile
   782                           
   783                           ;newmain.c: 163:              PORTDbits.RD4 = 0;
   784  0096  1208               	bcf	8,4	;volatile
   785                           
   786                           ;newmain.c: 164:              PORTDbits.RD5 = 0;
   787  0097  1288               	bcf	8,5	;volatile
   788                           
   789                           ;newmain.c: 165:              PORTDbits.RD6 = 0;
   790  0098  1308               	bcf	8,6	;volatile
   791                           
   792                           ;newmain.c: 166:              PORTDbits.RD7 = 0;
   793  0099  1388               	bcf	8,7	;volatile
   794                           
   795                           ;newmain.c: 167:              break;
   796  009A  28FD               	goto	l83
   797  009B                     l77:	
   798                           ;newmain.c: 169:          case 4:
   799                           
   800                           
   801                           ;newmain.c: 170:              PORTDbits.RD0 = 1;
   802  009B  1283               	bcf	3,5	;RP0=0, select bank0
   803  009C  1303               	bcf	3,6	;RP1=0, select bank0
   804  009D  1408               	bsf	8,0	;volatile
   805                           
   806                           ;newmain.c: 171:              PORTDbits.RD1 = 1;
   807  009E  1488               	bsf	8,1	;volatile
   808                           
   809                           ;newmain.c: 172:              PORTDbits.RD2 = 1;
   810  009F  1508               	bsf	8,2	;volatile
   811                           
   812                           ;newmain.c: 173:              PORTDbits.RD3 = 1;
   813  00A0  1588               	bsf	8,3	;volatile
   814                           
   815                           ;newmain.c: 174:              PORTDbits.RD4 = 0;
   816  00A1  1208               	bcf	8,4	;volatile
   817                           
   818                           ;newmain.c: 175:              PORTDbits.RD5 = 0;
   819  00A2  1288               	bcf	8,5	;volatile
   820                           
   821                           ;newmain.c: 176:              PORTDbits.RD6 = 0;
   822  00A3  1308               	bcf	8,6	;volatile
   823                           
   824                           ;newmain.c: 177:              PORTDbits.RD7 = 0;
   825  00A4  1388               	bcf	8,7	;volatile
   826                           
   827                           ;newmain.c: 178:              break;
   828  00A5  28FD               	goto	l83
   829  00A6                     l78:	
   830                           ;newmain.c: 180:          case 5:
   831                           
   832                           
   833                           ;newmain.c: 181:              PORTDbits.RD0 = 1;
   834  00A6  1283               	bcf	3,5	;RP0=0, select bank0
   835  00A7  1303               	bcf	3,6	;RP1=0, select bank0
   836  00A8  1408               	bsf	8,0	;volatile
   837                           
   838                           ;newmain.c: 182:              PORTDbits.RD1 = 1;
   839  00A9  1488               	bsf	8,1	;volatile
   840                           
   841                           ;newmain.c: 183:              PORTDbits.RD2 = 1;
   842  00AA  1508               	bsf	8,2	;volatile
   843                           
   844                           ;newmain.c: 184:              PORTDbits.RD3 = 1;
   845  00AB  1588               	bsf	8,3	;volatile
   846                           
   847                           ;newmain.c: 185:              PORTDbits.RD4 = 1;
   848  00AC  1608               	bsf	8,4	;volatile
   849                           
   850                           ;newmain.c: 186:              PORTDbits.RD5 = 0;
   851  00AD  1288               	bcf	8,5	;volatile
   852                           
   853                           ;newmain.c: 187:              PORTDbits.RD6 = 0;
   854  00AE  1308               	bcf	8,6	;volatile
   855                           
   856                           ;newmain.c: 188:              PORTDbits.RD7 = 0;
   857  00AF  1388               	bcf	8,7	;volatile
   858                           
   859                           ;newmain.c: 189:              break;
   860  00B0  28FD               	goto	l83
   861  00B1                     l79:	
   862                           ;newmain.c: 191:          case 6:
   863                           
   864                           
   865                           ;newmain.c: 192:              PORTDbits.RD0 = 1;
   866  00B1  1283               	bcf	3,5	;RP0=0, select bank0
   867  00B2  1303               	bcf	3,6	;RP1=0, select bank0
   868  00B3  1408               	bsf	8,0	;volatile
   869                           
   870                           ;newmain.c: 193:              PORTDbits.RD1 = 1;
   871  00B4  1488               	bsf	8,1	;volatile
   872                           
   873                           ;newmain.c: 194:              PORTDbits.RD2 = 1;
   874  00B5  1508               	bsf	8,2	;volatile
   875                           
   876                           ;newmain.c: 195:              PORTDbits.RD3 = 1;
   877  00B6  1588               	bsf	8,3	;volatile
   878                           
   879                           ;newmain.c: 196:              PORTDbits.RD4 = 1;
   880  00B7  1608               	bsf	8,4	;volatile
   881                           
   882                           ;newmain.c: 197:              PORTDbits.RD5 = 1;
   883  00B8  1688               	bsf	8,5	;volatile
   884                           
   885                           ;newmain.c: 198:              PORTDbits.RD6 = 0;
   886  00B9  1308               	bcf	8,6	;volatile
   887                           
   888                           ;newmain.c: 199:              PORTDbits.RD7 = 0;
   889  00BA  1388               	bcf	8,7	;volatile
   890                           
   891                           ;newmain.c: 200:              break;
   892  00BB  28FD               	goto	l83
   893  00BC                     l80:	
   894                           ;newmain.c: 203:          case 7:
   895                           
   896                           
   897                           ;newmain.c: 204:              PORTDbits.RD0 = 1;
   898  00BC  1283               	bcf	3,5	;RP0=0, select bank0
   899  00BD  1303               	bcf	3,6	;RP1=0, select bank0
   900  00BE  1408               	bsf	8,0	;volatile
   901                           
   902                           ;newmain.c: 205:              PORTDbits.RD1 = 1;
   903  00BF  1488               	bsf	8,1	;volatile
   904                           
   905                           ;newmain.c: 206:              PORTDbits.RD2 = 1;
   906  00C0  1508               	bsf	8,2	;volatile
   907                           
   908                           ;newmain.c: 207:              PORTDbits.RD3 = 1;
   909  00C1  1588               	bsf	8,3	;volatile
   910                           
   911                           ;newmain.c: 208:              PORTDbits.RD4 = 1;
   912  00C2  1608               	bsf	8,4	;volatile
   913                           
   914                           ;newmain.c: 209:              PORTDbits.RD5 = 1;
   915  00C3  1688               	bsf	8,5	;volatile
   916                           
   917                           ;newmain.c: 210:              PORTDbits.RD6 = 1;
   918  00C4  1708               	bsf	8,6	;volatile
   919                           
   920                           ;newmain.c: 211:              PORTDbits.RD7 = 0;
   921  00C5  1388               	bcf	8,7	;volatile
   922                           
   923                           ;newmain.c: 212:              break;
   924  00C6  28FD               	goto	l83
   925  00C7                     l81:	
   926                           ;newmain.c: 214:          case 8:
   927                           
   928                           
   929                           ;newmain.c: 215:              PORTDbits.RD0 = 1;
   930  00C7  1283               	bcf	3,5	;RP0=0, select bank0
   931  00C8  1303               	bcf	3,6	;RP1=0, select bank0
   932  00C9  1408               	bsf	8,0	;volatile
   933                           
   934                           ;newmain.c: 216:              PORTDbits.RD1 = 1;
   935  00CA  1488               	bsf	8,1	;volatile
   936                           
   937                           ;newmain.c: 217:              PORTDbits.RD2 = 1;
   938  00CB  1508               	bsf	8,2	;volatile
   939                           
   940                           ;newmain.c: 218:              PORTDbits.RD3 = 1;
   941  00CC  1588               	bsf	8,3	;volatile
   942                           
   943                           ;newmain.c: 219:              PORTDbits.RD4 = 1;
   944  00CD  1608               	bsf	8,4	;volatile
   945                           
   946                           ;newmain.c: 220:              PORTDbits.RD5 = 1;
   947  00CE  1688               	bsf	8,5	;volatile
   948                           
   949                           ;newmain.c: 221:              PORTDbits.RD6 = 1;
   950  00CF  1708               	bsf	8,6	;volatile
   951                           
   952                           ;newmain.c: 222:              PORTDbits.RD7 = 1;
   953  00D0  1788               	bsf	8,7	;volatile
   954                           
   955                           ;newmain.c: 223:              break;
   956  00D1  28FD               	goto	l83
   957  00D2                     l82:	
   958                           ;newmain.c: 226:          default:
   959                           
   960                           
   961                           ;newmain.c: 227:              PORTDbits.RD0 = 0;
   962  00D2  1283               	bcf	3,5	;RP0=0, select bank0
   963  00D3  1303               	bcf	3,6	;RP1=0, select bank0
   964  00D4  1008               	bcf	8,0	;volatile
   965                           
   966                           ;newmain.c: 228:              PORTDbits.RD1 = 0;
   967  00D5  1088               	bcf	8,1	;volatile
   968                           
   969                           ;newmain.c: 229:              PORTDbits.RD2 = 0;
   970  00D6  1108               	bcf	8,2	;volatile
   971                           
   972                           ;newmain.c: 230:              PORTDbits.RD3 = 0;
   973  00D7  1188               	bcf	8,3	;volatile
   974                           
   975                           ;newmain.c: 231:              PORTDbits.RD4 = 0;
   976  00D8  1208               	bcf	8,4	;volatile
   977                           
   978                           ;newmain.c: 232:              PORTDbits.RD5 = 0;
   979  00D9  1288               	bcf	8,5	;volatile
   980                           
   981                           ;newmain.c: 233:              PORTDbits.RD6 = 0;
   982  00DA  1308               	bcf	8,6	;volatile
   983                           
   984                           ;newmain.c: 234:              PORTDbits.RD7 = 0;
   985  00DB  1388               	bcf	8,7	;volatile
   986                           
   987                           ;newmain.c: 235:              PORTEbits.RE2 = 1;
   988  00DC  1509               	bsf	9,2	;volatile
   989                           
   990                           ;newmain.c: 236:      }
   991  00DD  28FD               	goto	l83
   992  00DE                     l723:
   993                           
   994                           ; Switch on 2 bytes has been partitioned into a top level switch of size 1, and 1 sub-sw
      +                          itches
   995                           ; Switch size 1, requested type "simple"
   996                           ; Number of cases is 1, Range of values is 0 to 0
   997                           ; switch strategies available:
   998                           ; Name         Instructions Cycles
   999                           ; simple_byte            4     3 (average)
  1000                           ; direct_byte           11     8 (fixed)
  1001                           ; jumptable            260     6 (fixed)
  1002                           ;	Chosen strategy is simple_byte
  1003  00DE  0875               	movf	_cont+1,w
  1004  00DF  3A00               	xorlw	0	; case 0
  1005  00E0  1903               	skipnz
  1006  00E1  28E3               	goto	l779
  1007  00E2  28D2               	goto	l82
  1008  00E3                     l779:
  1009                           
  1010                           ; Switch size 1, requested type "simple"
  1011                           ; Number of cases is 8, Range of values is 1 to 8
  1012                           ; switch strategies available:
  1013                           ; Name         Instructions Cycles
  1014                           ; simple_byte           25    13 (average)
  1015                           ; direct_byte           35    11 (fixed)
  1016                           ; jumptable            263     9 (fixed)
  1017                           ;	Chosen strategy is simple_byte
  1018  00E3  0874               	movf	_cont,w
  1019  00E4  3A01               	xorlw	1	; case 1
  1020  00E5  1903               	skipnz
  1021  00E6  2880               	goto	l73
  1022  00E7  3A03               	xorlw	3	; case 2
  1023  00E8  1903               	skipnz
  1024  00E9  2884               	goto	l75
  1025  00EA  3A01               	xorlw	1	; case 3
  1026  00EB  1903               	skipnz
  1027  00EC  288F               	goto	l76
  1028  00ED  3A07               	xorlw	7	; case 4
  1029  00EE  1903               	skipnz
  1030  00EF  289B               	goto	l77
  1031  00F0  3A01               	xorlw	1	; case 5
  1032  00F1  1903               	skipnz
  1033  00F2  28A6               	goto	l78
  1034  00F3  3A03               	xorlw	3	; case 6
  1035  00F4  1903               	skipnz
  1036  00F5  28B1               	goto	l79
  1037  00F6  3A01               	xorlw	1	; case 7
  1038  00F7  1903               	skipnz
  1039  00F8  28BC               	goto	l80
  1040  00F9  3A0F               	xorlw	15	; case 8
  1041  00FA  1903               	skipnz
  1042  00FB  28C7               	goto	l81
  1043  00FC  28D2               	goto	l82
  1044  00FD                     l83:
  1045  00FD  0008               	return
  1046  00FE                     __end_of_contled:
  1047                           
  1048                           	psect	text2
  1049  0178                     __ptext2:	
  1050 ;; *************** function _config *****************
  1051 ;; Defined at:
  1052 ;;		line 84 in file "newmain.c"
  1053 ;; Parameters:    Size  Location     Type
  1054 ;;		None
  1055 ;; Auto vars:     Size  Location     Type
  1056 ;;		None
  1057 ;; Return value:  Size  Location     Type
  1058 ;;                  1    wreg      void 
  1059 ;; Registers used:
  1060 ;;		wreg, status,2
  1061 ;; Tracked objects:
  1062 ;;		On entry : 0/0
  1063 ;;		On exit  : 0/0
  1064 ;;		Unchanged: 0/0
  1065 ;; Data sizes:     COMMON   BANK0   BANK1   BANK3   BANK2
  1066 ;;      Params:         0       0       0       0       0
  1067 ;;      Locals:         0       0       0       0       0
  1068 ;;      Temps:          0       0       0       0       0
  1069 ;;      Totals:         0       0       0       0       0
  1070 ;;Total ram usage:        0 bytes
  1071 ;; Hardware stack levels used:    1
  1072 ;; Hardware stack levels required when called:    1
  1073 ;; This function calls:
  1074 ;;		Nothing
  1075 ;; This function is called by:
  1076 ;;		_main
  1077 ;; This function uses a non-reentrant model
  1078 ;;
  1079                           
  1080                           
  1081                           ;psect for function _config
  1082  0178                     _config:
  1083  0178                     l675:	
  1084                           ;incstack = 0
  1085                           ; Regs used in _config: [wreg+status,2]
  1086                           
  1087                           
  1088                           ;newmain.c: 85:     ANSEL = 0b00000000;
  1089  0178  1683               	bsf	3,5	;RP0=1, select bank3
  1090  0179  1703               	bsf	3,6	;RP1=1, select bank3
  1091  017A  0188               	clrf	8	;volatile
  1092                           
  1093                           ;newmain.c: 86:     ANSELH = 0b00000000;
  1094  017B  0189               	clrf	9	;volatile
  1095  017C                     l677:
  1096                           
  1097                           ;newmain.c: 88:     TRISA = 0b00000011;
  1098  017C  3003               	movlw	3
  1099  017D  1683               	bsf	3,5	;RP0=1, select bank1
  1100  017E  1303               	bcf	3,6	;RP1=0, select bank1
  1101  017F  0085               	movwf	5	;volatile
  1102  0180                     l679:
  1103                           
  1104                           ;newmain.c: 89:     TRISB = 0b00000011;
  1105  0180  3003               	movlw	3
  1106  0181  0086               	movwf	6	;volatile
  1107                           
  1108                           ;newmain.c: 90:     TRISC = 0b00000000;
  1109  0182  0187               	clrf	7	;volatile
  1110                           
  1111                           ;newmain.c: 91:     TRISD = 0b00000000;
  1112  0183  0188               	clrf	8	;volatile
  1113                           
  1114                           ;newmain.c: 92:     TRISE = 0b000;
  1115  0184  0189               	clrf	9	;volatile
  1116  0185                     l681:
  1117                           
  1118                           ;newmain.c: 94:     PORTBbits.RB2 = 0;
  1119  0185  1283               	bcf	3,5	;RP0=0, select bank0
  1120  0186  1303               	bcf	3,6	;RP1=0, select bank0
  1121  0187  1106               	bcf	6,2	;volatile
  1122                           
  1123                           ;newmain.c: 95:     PORTA = 0b00000000;
  1124  0188  0185               	clrf	5	;volatile
  1125                           
  1126                           ;newmain.c: 96:     PORTD = 0b00000000;
  1127  0189  0188               	clrf	8	;volatile
  1128                           
  1129                           ;newmain.c: 97:     PORTC = 0b00000000;
  1130  018A  0187               	clrf	7	;volatile
  1131  018B                     l683:
  1132                           
  1133                           ;newmain.c: 98:     PORTE = 0b011;
  1134  018B  3003               	movlw	3
  1135  018C  0089               	movwf	9	;volatile
  1136  018D                     l685:
  1137                           
  1138                           ;newmain.c: 100:     INTCONbits.GIE = 1;
  1139  018D  178B               	bsf	11,7	;volatile
  1140  018E                     l687:
  1141                           
  1142                           ;newmain.c: 101:     INTCONbits.PEIE = 1;
  1143  018E  170B               	bsf	11,6	;volatile
  1144  018F                     l689:
  1145                           
  1146                           ;newmain.c: 102:     INTCONbits.INTE = 1;
  1147  018F  160B               	bsf	11,4	;volatile
  1148  0190                     l65:
  1149  0190  0008               	return
  1150  0191                     __end_of_config:
  1151                           
  1152                           	psect	text3
  1153  015C                     __ptext3:	
  1154 ;; *************** function _ISR *****************
  1155 ;; Defined at:
  1156 ;;		line 43 in file "newmain.c"
  1157 ;; Parameters:    Size  Location     Type
  1158 ;;		None
  1159 ;; Auto vars:     Size  Location     Type
  1160 ;;		None
  1161 ;; Return value:  Size  Location     Type
  1162 ;;                  1    wreg      void 
  1163 ;; Registers used:
  1164 ;;		wreg, status,2, status,0
  1165 ;; Tracked objects:
  1166 ;;		On entry : 0/0
  1167 ;;		On exit  : 0/0
  1168 ;;		Unchanged: 0/0
  1169 ;; Data sizes:     COMMON   BANK0   BANK1   BANK3   BANK2
  1170 ;;      Params:         0       0       0       0       0
  1171 ;;      Locals:         0       0       0       0       0
  1172 ;;      Temps:          2       0       0       0       0
  1173 ;;      Totals:         2       0       0       0       0
  1174 ;;Total ram usage:        2 bytes
  1175 ;; Hardware stack levels used:    1
  1176 ;; This function calls:
  1177 ;;		Nothing
  1178 ;; This function is called by:
  1179 ;;		Interrupt level 1
  1180 ;; This function uses a non-reentrant model
  1181 ;;
  1182                           
  1183                           
  1184                           ;psect for function _ISR
  1185  015C                     _ISR:
  1186  015C                     i1l729:
  1187                           
  1188                           ;newmain.c: 44:         if(INTCONbits.INTF == 1) {
  1189  015C  1C8B               	btfss	11,1	;volatile
  1190  015D  295F               	goto	u5_21
  1191  015E  2960               	goto	u5_20
  1192  015F                     u5_21:
  1193  015F  2971               	goto	i1l50
  1194  0160                     u5_20:
  1195  0160                     i1l731:
  1196                           
  1197                           ;newmain.c: 46:         INTCONbits.INTF = 0;
  1198  0160  108B               	bcf	11,1	;volatile
  1199  0161                     i1l733:
  1200                           
  1201                           ;newmain.c: 47:         cont = cont+1;
  1202  0161  0874               	movf	_cont,w
  1203  0162  3E01               	addlw	1
  1204  0163  00F4               	movwf	_cont
  1205  0164  0875               	movf	_cont+1,w
  1206  0165  1803               	skipnc
  1207  0166  3E01               	addlw	1
  1208  0167  3E00               	addlw	0
  1209  0168  00F5               	movwf	_cont+1
  1210                           
  1211                           ;newmain.c: 48:         multi = multi+1;
  1212  0169  0872               	movf	_multi,w
  1213  016A  3E01               	addlw	1
  1214  016B  00F2               	movwf	_multi
  1215  016C  0873               	movf	_multi+1,w
  1216  016D  1803               	skipnc
  1217  016E  3E01               	addlw	1
  1218  016F  3E00               	addlw	0
  1219  0170  00F3               	movwf	_multi+1
  1220  0171                     i1l50:
  1221  0171  0877               	movf	??_ISR+1,w
  1222  0172  008A               	movwf	10
  1223  0173  0E76               	swapf	??_ISR,w
  1224  0174  0083               	movwf	3
  1225  0175  0EFE               	swapf	btemp,f
  1226  0176  0E7E               	swapf	btemp,w
  1227  0177  0009               	retfie
  1228  0178                     __end_of_ISR:
  1229  007E                     btemp	set	126	;btemp
  1230  007E                     wtemp0	set	126
  1231                           
  1232                           	psect	intentry
  1233  0004                     __pintentry:	
  1234                           ;incstack = 0
  1235                           ; Regs used in _ISR: [wreg+status,2+status,0]
  1236                           
  1237  0004                     interrupt_function:
  1238  007E                     saved_w	set	btemp
  1239  0004  00FE               	movwf	btemp
  1240  0005  0E03               	swapf	3,w
  1241  0006  00F6               	movwf	??_ISR
  1242  0007  080A               	movf	10,w
  1243  0008  00F7               	movwf	??_ISR+1
  1244  0009  120A  118A  295C   	ljmp	_ISR
  1245                           
  1246                           	psect	config
  1247                           
  1248                           ;Config register CONFIG1 @ 0x2007
  1249                           ;	Oscillator Selection bits
  1250                           ;	FOSC = XT, XT oscillator: Crystal/resonator on RA6/OSC2/CLKOUT and RA7/OSC1/CLKIN
  1251                           ;	Watchdog Timer Enable bit
  1252                           ;	WDTE = OFF, WDT disabled and can be enabled by SWDTEN bit of the WDTCON register
  1253                           ;	Power-up Timer Enable bit
  1254                           ;	PWRTE = OFF, PWRT disabled
  1255                           ;	RE3/MCLR pin function select bit
  1256                           ;	MCLRE = OFF, RE3/MCLR pin function is digital input, MCLR internally tied to VDD
  1257                           ;	Code Protection bit
  1258                           ;	CP = OFF, Program memory code protection is disabled
  1259                           ;	Data Code Protection bit
  1260                           ;	CPD = OFF, Data memory code protection is disabled
  1261                           ;	Brown Out Reset Selection bits
  1262                           ;	BOREN = OFF, BOR disabled
  1263                           ;	Internal External Switchover bit
  1264                           ;	IESO = OFF, Internal/External Switchover mode is disabled
  1265                           ;	Fail-Safe Clock Monitor Enabled bit
  1266                           ;	FCMEN = OFF, Fail-Safe Clock Monitor is disabled
  1267                           ;	Low Voltage Programming Enable bit
  1268                           ;	LVP = OFF, RB3 pin has digital I/O, HV on MCLR must be used for programming
  1269                           ;	In-Circuit Debugger Mode bit
  1270                           ;	DEBUG = 0x1, unprogrammed default
  1271  2007                     	org	8199
  1272  2007  20D1               	dw	8401
  1273                           
  1274                           ;Config register CONFIG2 @ 0x2008
  1275                           ;	Brown-out Reset Selection bit
  1276                           ;	BOR4V = BOR40V, Brown-out Reset set to 4.0V
  1277                           ;	Flash Program Memory Self Write Enable bits
  1278                           ;	WRT = OFF, Write protection off
  1279  2008                     	org	8200
  1280  2008  3FFF               	dw	16383

Data Sizes:
    Strings     0
    Constant    0
    Data        16
    BSS         6
    Persistent  0
    Stack       0

Auto Spaces:
    Space          Size  Autos    Used
    COMMON           14      6      12
    BANK0            80      0      16
    BANK1            80      0       0
    BANK3            96      0       0
    BANK2            96      0       0

Pointer List with Targets:

    None.

Critical Paths under _main in COMMON

    _main->_contled

Critical Paths under _ISR in COMMON

    None.

Critical Paths under _main in BANK0

    None.

Critical Paths under _ISR in BANK0

    None.

Critical Paths under _main in BANK1

    None.

Critical Paths under _ISR in BANK1

    None.

Critical Paths under _main in BANK3

    None.

Critical Paths under _ISR in BANK3

    None.

Critical Paths under _main in BANK2

    None.

Critical Paths under _ISR in BANK2

    None.

Call Graph Tables:

 ---------------------------------------------------------------------------------
 (Depth) Function   	        Calls       Base Space   Used Autos Params    Refs
 ---------------------------------------------------------------------------------
 (0) _main                                                 2     2      0       0
                                              4 COMMON     2     2      0
                             _config
                            _contled
 ---------------------------------------------------------------------------------
 (1) _contled                                              2     2      0       0
                                              2 COMMON     2     2      0
 ---------------------------------------------------------------------------------
 (1) _config                                               0     0      0       0
 ---------------------------------------------------------------------------------
 Estimated maximum stack depth 1
 ---------------------------------------------------------------------------------
 (Depth) Function   	        Calls       Base Space   Used Autos Params    Refs
 ---------------------------------------------------------------------------------
 (2) _ISR                                                  2     2      0       0
                                              0 COMMON     2     2      0
 ---------------------------------------------------------------------------------
 Estimated maximum stack depth 2
 ---------------------------------------------------------------------------------

 Call Graph Graphs:

 _main (ROOT)
   _config
   _contled

 _ISR (ROOT)

 Address spaces:
Name               Size   Autos  Total    Cost      Usage
BANK3               60      0       0       9        0.0%
BITBANK3            60      0       0       8        0.0%
SFR3                 0      0       0       4        0.0%
BITSFR3              0      0       0       4        0.0%
BANK2               60      0       0      11        0.0%
BITBANK2            60      0       0      10        0.0%
SFR2                 0      0       0       5        0.0%
BITSFR2              0      0       0       5        0.0%
BANK1               50      0       0       7        0.0%
BITBANK1            50      0       0       6        0.0%
SFR1                 0      0       0       2        0.0%
BITSFR1              0      0       0       2        0.0%
BANK0               50      0      10       5       20.0%
BITBANK0            50      0       0       4        0.0%
SFR0                 0      0       0       1        0.0%
BITSFR0              0      0       0       1        0.0%
COMMON               E      6       C       1       85.7%
BITCOMMON            E      0       0       0        0.0%
CODE                 0      0       0       0        0.0%
DATA                 0      0      1C      12        0.0%
ABS                  0      0      1C       3        0.0%
NULL                 0      0       0       0        0.0%
STACK                0      0       0       2        0.0%
EEDATA             100      0       0       0        0.0%


Microchip Technology PIC Macro Assembler V2.31 build 20201012212115 
Symbol Table                                                                                   Wed Feb 03 14:22:01 2021

                      pc 0002                       l62 0159                       l80 00BC  
                     l65 0190                       l81 00C7                       l73 0080  
                     l82 00D2                       l75 0084                       l83 00FD  
                     l59 0149                       l76 008F                       l77 009B  
                     l78 00A6                       l79 00B1                       u10 0034  
                     u11 0033                       u20 0054                       u21 0053  
                     u30 0074                       u31 0073                       u15 0030  
                     u40 007D                       u41 007C                       u25 0050  
                     u35 0070                       u60 0118                       u61 0117  
                     u70 0120                       u71 011F                       u80 0126  
                     u81 0125                       u90 0145                       u91 0144  
                     u95 0141                       fsr 0004                      l701 0047  
                    l703 0054                      l711 0067                      l713 0074  
                    l705 005D                      l723 00DE                      l715 0076  
                    l707 0065                      l717 0079                      l709 0066  
                    l741 0112                      l719 007D                      l751 0136  
                    l743 0118                      l735 00FE                      l681 0185  
                    l753 0138                      l745 011C                      l737 0104  
                    l683 018B                      l675 0178                      l691 0027  
                    l755 0145                      l747 0120                      l739 010D  
                    l685 018D                      l677 017C                      l693 0034  
                    l749 0126                      l757 014C                      l687 018E  
                    l679 0180                      l695 003D                      l689 018F  
                    l697 0045                      l779 00E3                      l699 0046  
                    u100 0159                      u101 0158                      u105 0155  
                    u117 0108                      u127 0038                      u137 0058  
                    _ISR 015C                      fsr0 0004                      indf 0000  
                   ?_ISR 0076                     i1l50 0171                     u5_20 0160  
                   u5_21 015F                     _cont 0074                     _main 00FE  
                   btemp 007E                     start 000C                    ??_ISR 0076  
                  ?_main 0076                    _ANSEL 0188                    i1l731 0160  
                  i1l733 0161                    i1l729 015C                    _PORTA 0005  
                  _PORTC 0007                    _PORTD 0008                    _PORTE 0009  
                  _TRISA 0085                    _TRISB 0086                    _TRISC 0087  
                  _TRISD 0088                    _TRISE 0089          __end_of_contled 00FE  
                  _multi 0072                    pclath 000A                    status 0003  
                  wtemp0 007E          __initialization 000F             __end_of_main 015C  
                 ??_main 007A                   _ANSELH 0189                   _config 0178  
                 _estado 0070                ??_contled 0078                   saved_w 007E  
__end_of__initialization 0023           __pcstackCOMMON 0076             __pidataBANK0 01A4  
             __pmaintext 00FE               __pintentry 0004                  ?_config 0076  
                _Display 0020          __size_of_config 0019                  __ptext1 0027  
                __ptext2 0178                  __ptext3 015C                  _contled 0027  
           __size_of_ISR 001C     end_of_initialization 0023                _PORTBbits 0006  
              _PORTDbits 0008                _PORTEbits 0009           __end_of_config 0191  
    start_initialization 000F              __end_of_ISR 0178               init_fetch0 0191  
               ??_config 0078              __pdataBANK0 0020              __pbssCOMMON 0070  
              ___latbits 0002                 ?_contled 0076        interrupt_function 0004  
       __size_of_contled 00D7            __size_of_main 005E               _INTCONbits 000B  
               init_ram0 0195                 intlevel1 0000  
